2016-09-13 18:51:04 UTC INFO: You did something and it worked.
2016-09-13 18:51:05 UTC ERROR: things are fucked up.
 19:06:17 UTC INFO: You did something and it worked.
 19:06:17 UTC ERROR: things are fucked up.
2016-09-13 19:07:06 UTC INFO: You did something and it worked.
2016-09-13 19:07:06 UTC ERROR: things are fucked up.
2016-09-13 14:13:14 America/Chicago INFO: You did something and it worked.
2016-09-13 14:13:14 America/Chicago ERROR: things are fucked up.
2016-09-13 14:13:16 America/Chicago INFO: You did something and it worked.
2016-09-13 14:13:16 America/Chicago ERROR: things are fucked up.
2016-09-13 14:13:17 America/Chicago INFO: You did something and it worked.
2016-09-13 14:13:17 America/Chicago ERROR: things are fucked up.
2016-09-13 14:13:18 America/Chicago INFO: You did something and it worked.
2016-09-13 14:13:18 America/Chicago ERROR: things are fucked up.
2016-09-13 14:26:08 America/Chicago INFO: You did something and it worked.
2016-09-13 14:26:08 America/Chicago ERROR: things are fucked up.
2016-09-13 14:56:34 America/Chicago INFO: You did something and it worked.
2016-09-13 14:56:34 America/Chicago ERROR: things are fucked up.
2016-09-13 14:56:35 America/Chicago INFO: You did something and it worked.
2016-09-13 14:56:35 America/Chicago ERROR: things are fucked up.
